<?xml version="1.0" encoding="UTF-8"?>
<!-- Generated by org.testng.reporters.JUnitReportReporter -->
<testsuite hostname="MIGHTYSURYA11" failures="0" tests="1" name="Questions.DragDrop" time="4.815" errors="0" timestamp="2024-07-08T13:33:13 IST" skipped="0">
  <testcase classname="Questions.DragDrop" name="test1" time="4.815"/>
  <system-out/>
</testsuite> <!-- Questions.DragDrop -->
