<?xml version="1.0" encoding="UTF-8"?>
<!-- Generated by org.testng.reporters.JUnitReportReporter -->
<testsuite hostname="MIGHTYSURYA11" failures="0" tests="1" name="Questions.DataDriven" time="2.003" errors="0" timestamp="2024-07-08T13:24:59 IST" skipped="0">
  <testcase classname="Questions.DataDriven" name="task" time="2.003"/>
  <system-out/>
</testsuite> <!-- Questions.DataDriven -->
