<?xml version="1.0" encoding="UTF-8"?>
<!-- Generated by org.testng.reporters.JUnitReportReporter -->
<testsuite hostname="MIGHTYSURYA11" failures="0" tests="1" name="Questions.UploadFile" time="4.223" errors="0" timestamp="2024-07-08T13:54:04 IST" skipped="0">
  <testcase classname="Questions.UploadFile" name="test" time="4.223"/>
  <system-out/>
</testsuite> <!-- Questions.UploadFile -->
